Build started 3/20/2013 10:04:42 PM.
     1>Project "C:\work\01-projects\85-gstqt\sdl\SDL-2.0\SDL-2.0.0-6940\VisualC\tests\testoverlay2\testoverlay2_VS2010.vcxproj" on node 2 (build target(s)).
     1>InitializeBuildStatus:
         Creating "Win32\Debug\testoverlay2.unsuccessfulbuild" because "AlwaysCreate" was specified.
       ClCompile:
         c:\Program Files\Microsoft Visual Studio 10.0\VC\bin\CL.exe /c /I..\..\..\include /ZI /nologo /W3 /WX- /Od /Oy- /D WIN32 /D _DEBUG /D _WINDOWS /D _VC80_UPGRADE=0x0700 /Gm- /EHsc /MDd /GS /fp:precise /Zc:wchar_t /Zc:forScope /Fo"Win32\Debug\\" /Fd"Win32\Debug\vc100.pdb" /Gd /TC /analyze- /errorReport:prompt ..\..\..\test\testoverlay2.c
         testoverlay2.c
       ManifestResourceCompile:
         c:\Program Files\Microsoft SDKs\Windows\v7.0A\bin\rc.exe /nologo /fo"Win32\Debug\testoverlay2.exe.embed.manifest.res" Win32\Debug\testoverlay2_manifest.rc 
       Link:
         c:\Program Files\Microsoft Visual Studio 10.0\VC\bin\link.exe /ERRORREPORT:PROMPT /OUT:"Win32\Debug\testoverlay2.exe" /INCREMENTAL /NOLOGO kernel32.lib user32.lib gdi32.lib winspool.lib comdlg32.lib advapi32.lib shell32.lib ole32.lib oleaut32.lib uuid.lib odbc32.lib odbccp32.lib /MANIFEST /ManifestFile:"Win32\Debug\testoverlay2.exe.intermediate.manifest" /MANIFESTUAC:"level='asInvoker' uiAccess='false'" /DEBUG /PDB:"C:\work\01-projects\85-gstqt\sdl\SDL-2.0\SDL-2.0.0-6940\VisualC\tests\testoverlay2\Win32\Debug\testoverlay2.pdb" /SUBSYSTEM:WINDOWS /TLBID:1 /DYNAMICBASE /NXCOMPAT /IMPLIB:"Win32\Debug\testoverlay2.lib" /MACHINE:X86 Win32\Debug\testoverlay2.exe.embed.manifest.res
         Win32\Debug\testoverlay2.obj
         ..\..\Sdl\Win32\Debug\SDL.lib
         ..\..\SDLmain\Win32\Debug\SDLmain.lib
     1>LINK : fatal error LNK1104: cannot open file '..\..\Sdl\Win32\Debug\SDL.lib'
     1>Done Building Project "C:\work\01-projects\85-gstqt\sdl\SDL-2.0\SDL-2.0.0-6940\VisualC\tests\testoverlay2\testoverlay2_VS2010.vcxproj" (build target(s)) -- FAILED.

Build FAILED.

Time Elapsed 00:00:03.49
